yarn run v1.22.22
$ webpack --config ./webpack.netlify.functions.js
asset topic.js 1010 KiB [compared for emit] [minimized] [big] (name: topic) 1 related asset
asset user.js 1010 KiB [compared for emit] [minimized] [big] (name: user) 1 related asset
asset comment.js 1010 KiB [compared for emit] [minimized] [big] (name: comment) 1 related asset
asset auth.js 1010 KiB [compared for emit] [minimized] [big] (name: auth) 1 related asset
asset verify.js 1010 KiB [compared for emit] [minimized] [big] (name: verify) 1 related asset
asset gauth.js 1010 KiB [compared for emit] [minimized] [big] (name: gauth) 1 related asset
orphan modules 643 KiB [orphan] 525 modules
runtime modules 6.21 KiB 30 modules
built modules 2.74 MiB [built]
  modules by path ./node_modules/ 2.19 MiB
    javascript modules 2.06 MiB 258 modules
    json modules 132 KiB
      ./node_modules/dotenv/package.json 1.3 KiB [built] [code generated]
      + 2 modules
  modules by path ./src/functions/*.ts 559 KiB
    ./src/functions/auth.ts + 11 modules 93.6 KiB [built] [code generated]
    ./src/functions/comment.ts + 11 modules 92.9 KiB [built] [code generated]
    ./src/functions/gauth.ts + 11 modules 93.1 KiB [built] [code generated]
    ./src/functions/topic.ts + 11 modules 93.6 KiB [built] [code generated]
    + 2 modules
  + 18 modules

WARNING in ./node_modules/mongodb/lib/utils.js 953:38-93
Critical dependency: the request of a dependency is an expression
 @ ./node_modules/mongodb/lib/db.js 27:16-34
 @ ./node_modules/mongodb/lib/index.js 26:13-28
 @ ./src/lib/MongodbService.ts 12:0-38 31:33-52
 @ ./src/functions/user.ts 11:0-55 15:20-34

1 warning has detailed information that is not shown.
Use 'stats.errorDetails: true' resp. '--stats-error-details' to show it.

webpack 5.88.2 compiled with 1 warning in 46930 ms
Done in 74.77s.
