yarn run v1.22.19
$ rimraf ./functions && rimraf ./dist/js && mkdir -p ./dist/js
$ yarn run build:backend && yarn run build:frontend
$ yarn run build:netlify
$ webpack --config ./webpack.netlify.functions.js
asset topic.js 2.94 MiB [emitted] [big] (name: topic)
asset auth.js 2.94 MiB [emitted] [big] (name: auth)
asset comment.js 2.94 MiB [emitted] [big] (name: comment)
asset gauth.js 2.94 MiB [emitted] [big] (name: gauth)
asset user.js 2.94 MiB [emitted] [big] (name: user)
asset verify.js 2.94 MiB [emitted] [big] (name: verify)
orphan modules 78.8 KiB [orphan] 66 modules
runtime modules 6.21 KiB 30 modules
modules by path ./node_modules/ 2.21 MiB
  javascript modules 2.07 MiB 700 modules
  json modules 144 KiB
    modules by path ./node_modules/@aws-sdk/ 12.5 KiB 4 modules
    + 3 modules
modules by path ./src/ 103 KiB
  modules by path ./src/lib/*.ts 80.9 KiB 9 modules
  modules by path ./src/functions/*.ts 22.1 KiB
    ./src/functions/auth.ts 4.17 KiB [built] [code generated]
    + 5 modules
  ./src/policy.json 289 bytes [built] [code generated]
+ 21 modules

WARNING in ./node_modules/mongodb/lib/utils.js 953:38-93
Critical dependency: the request of a dependency is an expression
 @ ./node_modules/mongodb/lib/db.js 27:16-34
 @ ./node_modules/mongodb/lib/index.js 26:13-28
 @ ./src/lib/MongodbService.ts 12:0-38 31:33-52
 @ ./src/functions/auth.ts 10:0-55 16:20-34

WARNING in ./node_modules/mongodb/lib/utils.js 964:38-74
Module not found: Error: Can't resolve 'mongodb-client-encryption' in '/workspace/simple-comment/node_modules/mongodb/lib'
 @ ./node_modules/mongodb/lib/db.js 27:16-34
 @ ./node_modules/mongodb/lib/index.js 26:13-28
 @ ./src/lib/MongodbService.ts 12:0-38 31:33-52
 @ ./src/functions/auth.ts 10:0-55 16:20-34

2 warnings have detailed information that is not shown.
Use 'stats.errorDetails: true' resp. '--stats-error-details' to show it.

webpack 5.88.2 compiled with 2 warnings in 7153 ms
$ vite build --config ./vite.config.ts
The CJS build of Vite's Node API is deprecated. See https://vite.dev/guide/troubleshooting.html#vite-cjs-node-api-deprecated for more details.
8:52:06 PM [vite-plugin-svelte] WARNING: The following packages have a svelte field in their package.json but no exports condition for svelte.

carbon-icons-svelte@12.1.0

Please see https://github.com/sveltejs/vite-plugin-svelte/blob/main/docs/faq.md#missing-exports-condition for details.
vite v5.4.21 building for production...
transforming...

/css/simple-comment-style.css doesn't exist at build time, it will remain unchanged to be resolved at runtime
✓ 98 modules transformed.
rendering chunks...
computing gzip size...
../../dist/icebreakers/index.html                       7.20 kB │ gzip:  2.08 kB
../../dist/index.html                                   8.61 kB │ gzip:  2.59 kB
../../dist/css/simple-comment-style.css                11.68 kB │ gzip:  2.13 kB
../../dist/js/index.js                                  0.32 kB │ gzip:  0.25 kB │ map:   0.68 kB
../../dist/js/icebreakers.js                            0.57 kB │ gzip:  0.37 kB │ map:   1.31 kB
../../dist/assets/modulepreload-polyfill-B5Qt9EMX.js    0.77 kB │ gzip:  0.44 kB │ map:   0.12 kB
../../dist/js/simple-comment-icebreakers.js             0.98 kB │ gzip:  0.58 kB │ map:   3.94 kB
../../dist/js/simple-comment.js                       163.74 kB │ gzip: 51.76 kB │ map: 586.01 kB
✓ built in 4.92s
Done in 16.97s.
