yarn run v1.22.19
$ rimraf ./functions && rimraf ./dist/js && mkdir -p ./dist/js
$ yarn run build:backend && yarn run build:frontend
$ yarn run build:netlify
$ webpack --config ./webpack.netlify.functions.js
asset [1m[33mtopic.js[39m[22m [1m[33m2.94 MiB[39m[22m [1m[32m[emitted][39m[22m [1m[33m[big][39m[22m (name: topic)
asset [1m[33mauth.js[39m[22m [1m[33m2.94 MiB[39m[22m [1m[32m[emitted][39m[22m [1m[33m[big][39m[22m (name: auth)
asset [1m[33mcomment.js[39m[22m [1m[33m2.94 MiB[39m[22m [1m[32m[emitted][39m[22m [1m[33m[big][39m[22m (name: comment)
asset [1m[33mgauth.js[39m[22m [1m[33m2.94 MiB[39m[22m [1m[32m[emitted][39m[22m [1m[33m[big][39m[22m (name: gauth)
asset [1m[33muser.js[39m[22m [1m[33m2.94 MiB[39m[22m [1m[32m[emitted][39m[22m [1m[33m[big][39m[22m (name: user)
asset [1m[33mverify.js[39m[22m [1m[33m2.94 MiB[39m[22m [1m[32m[emitted][39m[22m [1m[33m[big][39m[22m (name: verify)
orphan modules 78.8 KiB [1m[33m[orphan][39m[22m 66 modules
runtime modules 6.21 KiB 30 modules
modules by path [1m./node_modules/[39m[22m 2.21 MiB
  javascript modules 2.07 MiB 700 modules
  json modules 144 KiB
    modules by path [1m./node_modules/@aws-sdk/[39m[22m 12.5 KiB 4 modules
    + 3 modules
modules by path [1m./src/[39m[22m 103 KiB
  modules by path [1m./src/lib/*.ts[39m[22m 80.9 KiB 9 modules
  modules by path [1m./src/functions/*.ts[39m[22m 22.1 KiB
    [1m./src/functions/auth.ts[39m[22m 4.17 KiB [1m[33m[built][39m[22m [1m[33m[code generated][39m[22m
    + 5 modules
  [1m./src/policy.json[39m[22m 289 bytes [1m[33m[built][39m[22m [1m[33m[code generated][39m[22m
+ 21 modules

[1m[33mWARNING[39m[22m in [1m./node_modules/mongodb/lib/utils.js[39m[22m [1m[32m953:38-93[39m[22m
[1mCritical dependency: the request of a dependency is an expression[39m[22m
 @ ./node_modules/mongodb/lib/db.js 27:16-34
 @ ./node_modules/mongodb/lib/index.js 26:13-28
 @ ./src/lib/MongodbService.ts 12:0-38 31:33-52
 @ ./src/functions/auth.ts 10:0-55 16:20-34

[1m[33mWARNING[39m[22m in [1m./node_modules/mongodb/lib/utils.js[39m[22m [1m[32m964:38-74[39m[22m
[1mModule [1m[31mnot found[39m[22m[1m: [1m[31mError[39m[22m[1m: Can't resolve 'mongodb-client-encryption' in '/workspace/simple-comment/node_modules/mongodb/lib'[39m[22m
 @ ./node_modules/mongodb/lib/db.js 27:16-34
 @ ./node_modules/mongodb/lib/index.js 26:13-28
 @ ./src/lib/MongodbService.ts 12:0-38 31:33-52
 @ ./src/functions/auth.ts 10:0-55 16:20-34

2 warnings have detailed information that is not shown.
Use 'stats.errorDetails: true' resp. '--stats-error-details' to show it.

webpack 5.88.2 compiled with [1m[33m2 warnings[39m[22m in 7153 ms
$ vite build --config ./vite.config.ts
[33mThe CJS build of Vite's Node API is deprecated. See https://vite.dev/guide/troubleshooting.html#vite-cjs-node-api-deprecated for more details.[39m
8:52:06 PM [vite-plugin-svelte] WARNING: The following packages have a svelte field in their package.json but no exports condition for svelte.

carbon-icons-svelte@12.1.0

Please see https://github.com/sveltejs/vite-plugin-svelte/blob/main/docs/faq.md#missing-exports-condition for details.
vite v5.4.21 building for production...
transforming...

/css/simple-comment-style.css doesn't exist at build time, it will remain unchanged to be resolved at runtime
✓ 98 modules transformed.
rendering chunks...
computing gzip size...
../../dist/icebreakers/index.html                       7.20 kB │ gzip:  2.08 kB
../../dist/index.html                                   8.61 kB │ gzip:  2.59 kB
../../dist/css/simple-comment-style.css                11.68 kB │ gzip:  2.13 kB
../../dist/js/index.js                                  0.32 kB │ gzip:  0.25 kB │ map:   0.68 kB
../../dist/js/icebreakers.js                            0.57 kB │ gzip:  0.37 kB │ map:   1.31 kB
../../dist/assets/modulepreload-polyfill-B5Qt9EMX.js    0.77 kB │ gzip:  0.44 kB │ map:   0.12 kB
../../dist/js/simple-comment-icebreakers.js             0.98 kB │ gzip:  0.58 kB │ map:   3.94 kB
../../dist/js/simple-comment.js                       163.74 kB │ gzip: 51.76 kB │ map: 586.01 kB
✓ built in 4.92s
Done in 16.97s.
